{"/Users/JoeAngello/jma26-assignment4/src/Playlist.jsx": {"path":"/Users/JoeAngello/jma26-assignment4/src/Playlist.jsx","statementMap":{"0":{"start":{"line":8,"column":14},"end":{"line":8,"column":15}},"1":{"start":{"line":15,"column":3},"end":{"line":15,"column":66}},"2":{"start":{"line":16,"column":3},"end":{"line":16,"column":56}},"3":{"start":{"line":17,"column":3},"end":{"line":17,"column":22}},"4":{"start":{"line":23,"column":19},"end":{"line":23,"column":28}},"5":{"start":{"line":26,"column":46},"end":{"line":26,"column":58}},"6":{"start":{"line":28,"column":6},"end":{"line":30,"column":13}},"7":{"start":{"line":29,"column":7},"end":{"line":29,"column":36}},"8":{"start":{"line":35,"column":26},"end":{"line":35,"column":36}},"9":{"start":{"line":36,"column":3},"end":{"line":39,"column":5}},"10":{"start":{"line":36,"column":16},"end":{"line":36,"column":40}},"11":{"start":{"line":37,"column":16},"end":{"line":37,"column":51}},"12":{"start":{"line":38,"column":6},"end":{"line":38,"column":82}},"13":{"start":{"line":40,"column":4},"end":{"line":40,"column":25}},"14":{"start":{"line":43,"column":34},"end":{"line":43,"column":49}},"15":{"start":{"line":46,"column":24},"end":{"line":65,"column":1}},"16":{"start":{"line":47,"column":2},"end":{"line":47,"column":54}},"17":{"start":{"line":48,"column":2},"end":{"line":61,"column":3}},"18":{"start":{"line":49,"column":4},"end":{"line":49,"column":62}},"19":{"start":{"line":51,"column":4},"end":{"line":51,"column":24}},"20":{"start":{"line":54,"column":4},"end":{"line":54,"column":23}},"21":{"start":{"line":55,"column":4},"end":{"line":60,"column":5}},"22":{"start":{"line":56,"column":6},"end":{"line":56,"column":104}},"23":{"start":{"line":59,"column":6},"end":{"line":59,"column":97}},"24":{"start":{"line":62,"column":2},"end":{"line":62,"column":37}},"25":{"start":{"line":63,"column":2},"end":{"line":63,"column":23}},"26":{"start":{"line":64,"column":2},"end":{"line":64,"column":54}},"27":{"start":{"line":67,"column":24},"end":{"line":90,"column":1}},"28":{"start":{"line":69,"column":2},"end":{"line":72,"column":3}},"29":{"start":{"line":70,"column":4},"end":{"line":70,"column":23}},"30":{"start":{"line":71,"column":4},"end":{"line":71,"column":27}},"31":{"start":{"line":73,"column":2},"end":{"line":73,"column":31}},"32":{"start":{"line":74,"column":0},"end":{"line":79,"column":1}},"33":{"start":{"line":75,"column":0},"end":{"line":75,"column":20}},"34":{"start":{"line":78,"column":2},"end":{"line":78,"column":14}},"35":{"start":{"line":80,"column":0},"end":{"line":80,"column":52}},"36":{"start":{"line":82,"column":0},"end":{"line":87,"column":1}},"37":{"start":{"line":83,"column":2},"end":{"line":83,"column":100}},"38":{"start":{"line":86,"column":2},"end":{"line":86,"column":93}},"39":{"start":{"line":88,"column":0},"end":{"line":88,"column":52}},"40":{"start":{"line":92,"column":24},"end":{"line":113,"column":1}},"41":{"start":{"line":93,"column":2},"end":{"line":96,"column":3}},"42":{"start":{"line":94,"column":4},"end":{"line":94,"column":23}},"43":{"start":{"line":95,"column":4},"end":{"line":95,"column":29}},"44":{"start":{"line":98,"column":0},"end":{"line":98,"column":33}},"45":{"start":{"line":99,"column":0},"end":{"line":104,"column":1}},"46":{"start":{"line":100,"column":0},"end":{"line":100,"column":20}},"47":{"start":{"line":103,"column":2},"end":{"line":103,"column":34}},"48":{"start":{"line":105,"column":0},"end":{"line":105,"column":52}},"49":{"start":{"line":106,"column":0},"end":{"line":111,"column":1}},"50":{"start":{"line":107,"column":2},"end":{"line":107,"column":100}},"51":{"start":{"line":110,"column":2},"end":{"line":110,"column":93}},"52":{"start":{"line":112,"column":0},"end":{"line":112,"column":52}},"53":{"start":{"line":115,"column":27},"end":{"line":119,"column":1}},"54":{"start":{"line":116,"column":0},"end":{"line":116,"column":32}},"55":{"start":{"line":117,"column":0},"end":{"line":117,"column":39}},"56":{"start":{"line":123,"column":26},"end":{"line":128,"column":7}},"57":{"start":{"line":130,"column":26},"end":{"line":135,"column":7}},"58":{"start":{"line":137,"column":6},"end":{"line":168,"column":4}},"59":{"start":{"line":156,"column":10},"end":{"line":162,"column":11}},"60":{"start":{"line":158,"column":12},"end":{"line":158,"column":63}},"61":{"start":{"line":161,"column":12},"end":{"line":161,"column":66}}},"fnMap":{"0":{"name":"Playlist","decl":{"start":{"line":10,"column":9},"end":{"line":10,"column":17}},"loc":{"start":{"line":10,"column":19},"end":{"line":169,"column":1}},"line":10},"1":{"name":"cb","decl":{"start":{"line":14,"column":10},"end":{"line":14,"column":12}},"loc":{"start":{"line":14,"column":14},"end":{"line":20,"column":3}},"line":14},"2":{"name":"(anonymous_2)","decl":{"start":{"line":28,"column":16},"end":{"line":28,"column":17}},"loc":{"start":{"line":28,"column":22},"end":{"line":30,"column":7}},"line":28},"3":{"name":"shuffle","decl":{"start":{"line":34,"column":9},"end":{"line":34,"column":16}},"loc":{"start":{"line":34,"column":24},"end":{"line":41,"column":3}},"line":34},"4":{"name":"(anonymous_4)","decl":{"start":{"line":46,"column":24},"end":{"line":46,"column":25}},"loc":{"start":{"line":46,"column":31},"end":{"line":65,"column":1}},"line":46},"5":{"name":"(anonymous_5)","decl":{"start":{"line":67,"column":24},"end":{"line":67,"column":25}},"loc":{"start":{"line":67,"column":31},"end":{"line":90,"column":1}},"line":67},"6":{"name":"(anonymous_6)","decl":{"start":{"line":92,"column":24},"end":{"line":92,"column":25}},"loc":{"start":{"line":92,"column":31},"end":{"line":113,"column":1}},"line":92},"7":{"name":"(anonymous_7)","decl":{"start":{"line":115,"column":27},"end":{"line":115,"column":28}},"loc":{"start":{"line":115,"column":34},"end":{"line":119,"column":1}},"line":115},"8":{"name":"(anonymous_8)","decl":{"start":{"line":155,"column":30},"end":{"line":155,"column":31}},"loc":{"start":{"line":155,"column":47},"end":{"line":163,"column":9}},"line":155}},"branchMap":{"0":{"loc":{"start":{"line":48,"column":2},"end":{"line":61,"column":3}},"type":"if","locations":[{"start":{"line":48,"column":2},"end":{"line":61,"column":3}},{"start":{"line":52,"column":9},"end":{"line":61,"column":3}}],"line":48},"1":{"loc":{"start":{"line":55,"column":4},"end":{"line":60,"column":5}},"type":"if","locations":[{"start":{"line":55,"column":4},"end":{"line":60,"column":5}},{"start":{"line":58,"column":8},"end":{"line":60,"column":5}}],"line":55},"2":{"loc":{"start":{"line":69,"column":2},"end":{"line":72,"column":3}},"type":"if","locations":[{"start":{"line":69,"column":2},"end":{"line":72,"column":3}},{"start":{},"end":{}}],"line":69},"3":{"loc":{"start":{"line":74,"column":0},"end":{"line":79,"column":1}},"type":"if","locations":[{"start":{"line":74,"column":0},"end":{"line":79,"column":1}},{"start":{"line":77,"column":4},"end":{"line":79,"column":1}}],"line":74},"4":{"loc":{"start":{"line":82,"column":0},"end":{"line":87,"column":1}},"type":"if","locations":[{"start":{"line":82,"column":0},"end":{"line":87,"column":1}},{"start":{"line":85,"column":4},"end":{"line":87,"column":1}}],"line":82},"5":{"loc":{"start":{"line":93,"column":2},"end":{"line":96,"column":3}},"type":"if","locations":[{"start":{"line":93,"column":2},"end":{"line":96,"column":3}},{"start":{},"end":{}}],"line":93},"6":{"loc":{"start":{"line":99,"column":0},"end":{"line":104,"column":1}},"type":"if","locations":[{"start":{"line":99,"column":0},"end":{"line":104,"column":1}},{"start":{"line":102,"column":4},"end":{"line":104,"column":1}}],"line":99},"7":{"loc":{"start":{"line":106,"column":0},"end":{"line":111,"column":1}},"type":"if","locations":[{"start":{"line":106,"column":0},"end":{"line":111,"column":1}},{"start":{"line":109,"column":4},"end":{"line":111,"column":1}}],"line":106},"8":{"loc":{"start":{"line":156,"column":10},"end":{"line":162,"column":11}},"type":"if","locations":[{"start":{"line":156,"column":10},"end":{"line":162,"column":11}},{"start":{"line":159,"column":17},"end":{"line":162,"column":11}}],"line":156}},"s":{"0":3,"1":1,"2":1,"3":1,"4":34,"5":34,"6":34,"7":12,"8":1,"9":1,"10":1,"11":6,"12":6,"13":1,"14":34,"15":34,"16":6,"17":6,"18":2,"19":2,"20":4,"21":4,"22":1,"23":3,"24":6,"25":6,"26":6,"27":34,"28":7,"29":1,"30":1,"31":7,"32":7,"33":6,"34":1,"35":7,"36":7,"37":4,"38":3,"39":7,"40":34,"41":4,"42":1,"43":1,"44":4,"45":4,"46":3,"47":1,"48":4,"49":4,"50":3,"51":1,"52":4,"53":34,"54":1,"55":1,"56":34,"57":34,"58":34,"59":186,"60":86,"61":100},"f":{"0":34,"1":1,"2":12,"3":1,"4":6,"5":7,"6":4,"7":1,"8":186},"b":{"0":[2,4],"1":[1,3],"2":[1,6],"3":[6,1],"4":[4,3],"5":[1,3],"6":[3,1],"7":[3,1],"8":[86,100]},"_coverageSchema":"1a1c01bbd47fc00a2c39e90264f33305004495a9","hash":"7c2ca6c2299936453be5a742a682b4941b322d34"}
,"/Users/JoeAngello/jma26-assignment4/src/Podcast.jsx": {"path":"/Users/JoeAngello/jma26-assignment4/src/Podcast.jsx","statementMap":{"0":{"start":{"line":10,"column":22},"end":{"line":10,"column":43}},"1":{"start":{"line":11,"column":2},"end":{"line":13,"column":3}},"2":{"start":{"line":12,"column":4},"end":{"line":12,"column":30}},"3":{"start":{"line":14,"column":21},"end":{"line":14,"column":41}},"4":{"start":{"line":15,"column":2},"end":{"line":26,"column":3}},"5":{"start":{"line":16,"column":4},"end":{"line":16,"column":29}},"6":{"start":{"line":18,"column":7},"end":{"line":26,"column":3}},"7":{"start":{"line":19,"column":4},"end":{"line":19,"column":55}},"8":{"start":{"line":21,"column":7},"end":{"line":26,"column":3}},"9":{"start":{"line":22,"column":4},"end":{"line":22,"column":33}},"10":{"start":{"line":25,"column":4},"end":{"line":25,"column":39}},"11":{"start":{"line":31,"column":21},"end":{"line":36,"column":7}},"12":{"start":{"line":38,"column":18},"end":{"line":43,"column":7}},"13":{"start":{"line":39,"column":8},"end":{"line":39,"column":84}},"14":{"start":{"line":40,"column":8},"end":{"line":40,"column":75}},"15":{"start":{"line":41,"column":8},"end":{"line":41,"column":54}},"16":{"start":{"line":45,"column":4},"end":{"line":54,"column":5}}},"fnMap":{"0":{"name":"Podcast","decl":{"start":{"line":9,"column":9},"end":{"line":9,"column":16}},"loc":{"start":{"line":9,"column":56},"end":{"line":56,"column":1}},"line":9},"1":{"name":"(anonymous_1)","decl":{"start":{"line":38,"column":18},"end":{"line":38,"column":19}},"loc":{"start":{"line":38,"column":24},"end":{"line":43,"column":7}},"line":38}},"branchMap":{"0":{"loc":{"start":{"line":11,"column":2},"end":{"line":13,"column":3}},"type":"if","locations":[{"start":{"line":11,"column":2},"end":{"line":13,"column":3}},{"start":{},"end":{}}],"line":11},"1":{"loc":{"start":{"line":15,"column":2},"end":{"line":26,"column":3}},"type":"if","locations":[{"start":{"line":15,"column":2},"end":{"line":26,"column":3}},{"start":{"line":18,"column":7},"end":{"line":26,"column":3}}],"line":15},"2":{"loc":{"start":{"line":15,"column":6},"end":{"line":15,"column":25}},"type":"binary-expr","locations":[{"start":{"line":15,"column":6},"end":{"line":15,"column":13}},{"start":{"line":15,"column":17},"end":{"line":15,"column":25}}],"line":15},"3":{"loc":{"start":{"line":18,"column":7},"end":{"line":26,"column":3}},"type":"if","locations":[{"start":{"line":18,"column":7},"end":{"line":26,"column":3}},{"start":{"line":21,"column":7},"end":{"line":26,"column":3}}],"line":18},"4":{"loc":{"start":{"line":18,"column":11},"end":{"line":18,"column":35}},"type":"binary-expr","locations":[{"start":{"line":18,"column":11},"end":{"line":18,"column":18}},{"start":{"line":18,"column":22},"end":{"line":18,"column":35}}],"line":18},"5":{"loc":{"start":{"line":21,"column":7},"end":{"line":26,"column":3}},"type":"if","locations":[{"start":{"line":21,"column":7},"end":{"line":26,"column":3}},{"start":{"line":24,"column":7},"end":{"line":26,"column":3}}],"line":21},"6":{"loc":{"start":{"line":21,"column":12},"end":{"line":21,"column":37}},"type":"binary-expr","locations":[{"start":{"line":21,"column":12},"end":{"line":21,"column":19}},{"start":{"line":21,"column":23},"end":{"line":21,"column":37}}],"line":21}},"s":{"0":102,"1":102,"2":22,"3":102,"4":102,"5":22,"6":80,"7":45,"8":35,"9":22,"10":13,"11":102,"12":102,"13":2,"14":2,"15":2,"16":102},"f":{"0":102,"1":2},"b":{"0":[22,80],"1":[22,80],"2":[102,89],"3":[45,35],"4":[80,67],"5":[22,13],"6":[35,22]},"_coverageSchema":"1a1c01bbd47fc00a2c39e90264f33305004495a9","hash":"7483ebfa57bbd5b2d543b52c66dd40a0a3ba4dff"}
,"/Users/JoeAngello/jma26-assignment4/src/Song.jsx": {"path":"/Users/JoeAngello/jma26-assignment4/src/Song.jsx","statementMap":{"0":{"start":{"line":7,"column":22},"end":{"line":12,"column":7}},"1":{"start":{"line":14,"column":18},"end":{"line":18,"column":7}},"2":{"start":{"line":15,"column":8},"end":{"line":15,"column":77}},"3":{"start":{"line":16,"column":8},"end":{"line":16,"column":65}},"4":{"start":{"line":17,"column":8},"end":{"line":17,"column":51}},"5":{"start":{"line":19,"column":4},"end":{"line":29,"column":5}}},"fnMap":{"0":{"name":"Song","decl":{"start":{"line":5,"column":9},"end":{"line":5,"column":13}},"loc":{"start":{"line":5,"column":43},"end":{"line":31,"column":1}},"line":5},"1":{"name":"(anonymous_1)","decl":{"start":{"line":14,"column":18},"end":{"line":14,"column":19}},"loc":{"start":{"line":14,"column":24},"end":{"line":18,"column":7}},"line":14}},"branchMap":{},"s":{"0":88,"1":88,"2":3,"3":3,"4":3,"5":88},"f":{"0":88,"1":3},"b":{},"_coverageSchema":"1a1c01bbd47fc00a2c39e90264f33305004495a9","hash":"c7d008b0cffde1098552354816abd910488a18c4"}
}
