TN:
SF:src/Playlist.jsx
FN:10,Playlist
FN:14,cb
FN:28,(anonymous_2)
FN:34,shuffle
FN:46,(anonymous_4)
FN:67,(anonymous_5)
FN:92,(anonymous_6)
FN:115,(anonymous_7)
FN:155,(anonymous_8)
FNF:9
FNH:9
FNDA:34,Playlist
FNDA:1,cb
FNDA:12,(anonymous_2)
FNDA:1,shuffle
FNDA:6,(anonymous_4)
FNDA:7,(anonymous_5)
FNDA:4,(anonymous_6)
FNDA:1,(anonymous_7)
FNDA:186,(anonymous_8)
DA:8,3
DA:15,1
DA:16,1
DA:17,1
DA:23,34
DA:26,34
DA:28,34
DA:29,12
DA:35,1
DA:36,1
DA:37,6
DA:38,6
DA:40,1
DA:43,34
DA:46,34
DA:47,6
DA:48,6
DA:49,2
DA:51,2
DA:54,4
DA:55,4
DA:56,1
DA:59,3
DA:62,6
DA:63,6
DA:64,6
DA:67,34
DA:69,7
DA:70,1
DA:71,1
DA:73,7
DA:74,7
DA:75,6
DA:78,1
DA:80,7
DA:82,7
DA:83,4
DA:86,3
DA:88,7
DA:92,34
DA:93,4
DA:94,1
DA:95,1
DA:98,4
DA:99,4
DA:100,3
DA:103,1
DA:105,4
DA:106,4
DA:107,3
DA:110,1
DA:112,4
DA:115,34
DA:116,1
DA:117,1
DA:123,34
DA:130,34
DA:137,34
DA:156,186
DA:158,86
DA:161,100
LF:61
LH:61
BRDA:48,0,0,2
BRDA:48,0,1,4
BRDA:55,1,0,1
BRDA:55,1,1,3
BRDA:69,2,0,1
BRDA:69,2,1,6
BRDA:74,3,0,6
BRDA:74,3,1,1
BRDA:82,4,0,4
BRDA:82,4,1,3
BRDA:93,5,0,1
BRDA:93,5,1,3
BRDA:99,6,0,3
BRDA:99,6,1,1
BRDA:106,7,0,3
BRDA:106,7,1,1
BRDA:156,8,0,86
BRDA:156,8,1,100
BRF:18
BRH:18
end_of_record
TN:
SF:src/Podcast.jsx
FN:9,Podcast
FN:38,(anonymous_1)
FNF:2
FNH:2
FNDA:102,Podcast
FNDA:2,(anonymous_1)
DA:10,102
DA:11,102
DA:12,22
DA:14,102
DA:15,102
DA:16,22
DA:18,80
DA:19,45
DA:21,35
DA:22,22
DA:25,13
DA:31,102
DA:38,102
DA:39,2
DA:40,2
DA:41,2
DA:45,102
LF:17
LH:17
BRDA:11,0,0,22
BRDA:11,0,1,80
BRDA:15,1,0,22
BRDA:15,1,1,80
BRDA:15,2,0,102
BRDA:15,2,1,89
BRDA:18,3,0,45
BRDA:18,3,1,35
BRDA:18,4,0,80
BRDA:18,4,1,67
BRDA:21,5,0,22
BRDA:21,5,1,13
BRDA:21,6,0,35
BRDA:21,6,1,22
BRF:14
BRH:14
end_of_record
TN:
SF:src/Song.jsx
FN:5,Song
FN:14,(anonymous_1)
FNF:2
FNH:2
FNDA:88,Song
FNDA:3,(anonymous_1)
DA:7,88
DA:14,88
DA:15,3
DA:16,3
DA:17,3
DA:19,88
LF:6
LH:6
BRF:0
BRH:0
end_of_record
